[    0.000000] Initializing cgroup subsys cpuset
[    0.000000] Initializing cgroup subsys cpu
[    0.000000] Initializing cgroup subsys cpuacct
[    0.000000] Linux version 4.4.0-78-generic (buildd@lgw01-11) (gcc version 5.4.0 20160609 (Ubuntu 5.4.0-6ubuntu1~16.04.4) ) #99-Ubuntu SMP Thu Apr 27 15:29:09 UTC 2017 (Ubuntu 4.4.0-78.99-generic 4.4.62)
[    0.000000] Command line: BOOT_IMAGE=/boot/vmlinuz-4.4.0-78-generic root=LABEL=cloudimg-rootfs ro console=tty1 console=ttyS0
[    0.000000] KERNEL supported cpus:
[    0.000000]   Intel GenuineIntel
[    0.000000]   AMD AuthenticAMD
[    0.000000]   Centaur CentaurHauls
[    0.000000] ------------[ cut here ]------------
[    0.000000] WARNING: CPU: 0 PID: 0 at /build/linux-0XAgc4/linux-4.4.0/arch/x86/kernel/fpu/xstate.c:517 fpu__init_system_xstate+0x38b/0x75a()
[    0.000000] XSAVE consistency problem, dumping leaves
[    0.000000] Modules linked in:
[    0.000000] CPU: 0 PID: 0 Comm: swapper Not tainted 4.4.0-78-generic #99-Ubuntu
[    0.000000]  0000000000000086 790706d78a0e5555 ffffffff81e03d80 ffffffff813f8dd3
[    0.000000]  ffffffff81e03dc8 ffffffff81ca9c50 ffffffff81e03db8 ffffffff81081302
[    0.000000]  ffffffff81e03e48 ffffffff81e03e4c 0000000000000008 0000000000000100
[    0.000000] Call Trace:
[    0.000000]  [<ffffffff813f8dd3>] dump_stack+0x63/0x90
[    0.000000]  [<ffffffff81081302>] warn_slowpath_common+0x82/0xc0
[    0.000000]  [<ffffffff8108139c>] warn_slowpath_fmt+0x5c/0x80
[    0.000000]  [<ffffffff8107cfd0>] ? xfeature_size+0x59/0x77
[    0.000000]  [<ffffffff81f6d218>] fpu__init_system_xstate+0x38b/0x75a
[    0.000000]  [<ffffffff81f5d120>] ? early_idt_handler_array+0x120/0x120
[    0.000000]  [<ffffffff81f6cb83>] fpu__init_system+0x10d/0x245
[    0.000000]  [<ffffffff81f6dc8c>] early_cpu_init+0x139/0x13e
[    0.000000]  [<ffffffff81f6dc8c>] ? early_cpu_init+0x139/0x13e
[    0.000000]  [<ffffffff81f69193>] setup_arch+0xb4/0xcf1
[    0.000000]  [<ffffffff81f5d120>] ? early_idt_handler_array+0x120/0x120
[    0.000000]  [<ffffffff81f5dc74>] start_kernel+0xe4/0x4a2
[    0.000000]  [<ffffffff81f5d120>] ? early_idt_handler_array+0x120/0x120
[    0.000000]  [<ffffffff81f5d339>] x86_64_start_reservations+0x2a/0x2c
[    0.000000]  [<ffffffff81f5d485>] x86_64_start_kernel+0x14a/0x16d
[    0.000000] ---[ end trace 4d5ff9f2f68c4233 ]---
[    0.000000] CPUID[0d, 00]: eax=00000007 ebx=00000440 ecx=00000440 edx=00000000
[    0.000000] CPUID[0d, 01]: eax=00000000 ebx=000003c0 ecx=00000000 edx=00000000
[    0.000000] CPUID[0d, 02]: eax=00000100 ebx=00000240 ecx=00000000 edx=00000000
[    0.000000] CPUID[0d, 03]: eax=00000000 ebx=00000000 ecx=00000000 edx=00000000
[    0.000000] CPUID[0d, 04]: eax=00000000 ebx=00000000 ecx=00000000 edx=00000000
[    0.000000] CPUID[0d, 05]: eax=00000000 ebx=00000000 ecx=00000000 edx=00000000
[    0.000000] CPUID[0d, 06]: eax=00000000 ebx=00000000 ecx=00000000 edx=00000000
[    0.000000] CPUID[0d, 07]: eax=00000000 ebx=00000000 ecx=00000000 edx=00000000
[    0.000000] CPUID[0d, 08]: eax=00000000 ebx=00000000 ecx=00000000 edx=00000000
[    0.000000] CPUID[0d, 09]: eax=00000000 ebx=00000000 ecx=00000000 edx=00000000
[    0.000000] CPUID[0d, 0a]: eax=00000000 ebx=00000000 ecx=00000000 edx=00000000
[    0.000000] CPUID[0d, 0b]: eax=00000000 ebx=00000000 ecx=00000000 edx=00000000
[    0.000000] CPUID[0d, 0c]: eax=00000000 ebx=00000000 ecx=00000000 edx=00000000
[    0.000000] CPUID[0d, 0d]: eax=00000000 ebx=00000000 ecx=00000000 edx=00000000
[    0.000000] CPUID[0d, 0e]: eax=00000000 ebx=00000000 ecx=00000000 edx=00000000
[    0.000000] CPUID[0d, 0f]: eax=00000000 ebx=00000000 ecx=00000000 edx=00000000
[    0.000000] CPUID[0d, 10]: eax=00000000 ebx=00000000 ecx=00000000 edx=00000000
[    0.000000] CPUID[0d, 11]: eax=00000000 ebx=00000000 ecx=00000000 edx=00000000
[    0.000000] x86/fpu: xstate_offset[2]:  576, xstate_sizes[2]:  256
[    0.000000] x86/fpu: Supporting XSAVE feature 0x01: 'x87 floating point registers'
[    0.000000] x86/fpu: Supporting XSAVE feature 0x02: 'SSE registers'
[    0.000000] x86/fpu: Supporting XSAVE feature 0x04: 'AVX registers'
[    0.000000] x86/fpu: Enabled xstate features 0x7, context size is 1088 bytes, using 'standard' format.
[    0.000000] x86/fpu: Using 'lazy' FPU context switches.
[    0.000000] e820: BIOS-provided physical RAM map:
[    0.000000] BIOS-e820: [mem 0x0000000000000000-0x000000000009fbff] usable
[    0.000000] BIOS-e820: [mem 0x000000000009fc00-0x000000000009ffff] reserved
[    0.000000] BIOS-e820: [mem 0x00000000000f0000-0x00000000000fffff] reserved
[    0.000000] BIOS-e820: [mem 0x0000000000100000-0x00000000dffeffff] usable
[    0.000000] BIOS-e820: [mem 0x00000000dfff0000-0x00000000dfffffff] ACPI data
[    0.000000] BIOS-e820: [mem 0x00000000fec00000-0x00000000fec00fff] reserved
[    0.000000] BIOS-e820: [mem 0x00000000fee00000-0x00000000fee00fff] reserved
[    0.000000] BIOS-e820: [mem 0x00000000fffc0000-0x00000000ffffffff] reserved
[    0.000000] BIOS-e820: [mem 0x0000000100000000-0x000000011fffffff] usable
[    0.000000] NX (Execute Disable) protection: active
[    0.000000] SMBIOS 2.5 present.
[    0.000000] Hypervisor detected: KVM
[    0.000000] e820: last_pfn = 0x120000 max_arch_pfn = 0x400000000
[    0.000000] MTRR: Disabled
[    0.000000] x86/PAT: MTRRs disabled, skipping PAT initialization too.
[    0.000000] x86/PAT: Configuration [0-7]: WB  WT  UC- UC  WB  WT  UC- UC  
[    0.000000] CPU MTRRs all blank - virtualized system.
[    0.000000] e820: last_pfn = 0xdfff0 max_arch_pfn = 0x400000000
[    0.000000] found SMP MP-table at [mem 0x0009fff0-0x0009ffff] mapped at [ffff88000009fff0]
[    0.000000] Scanning 1 areas for low memory corruption
[    0.000000] RAMDISK: [mem 0x36ada000-0x37564fff]
[    0.000000] ACPI: Early table checksum verification disabled
[    0.000000] ACPI: RSDP 0x00000000000E0000 000024 (v02 VBOX  )
[    0.000000] ACPI: XSDT 0x00000000DFFF0030 00003C (v01 VBOX   VBOXXSDT 00000001 ASL  00000061)
[    0.000000] ACPI: FACP 0x00000000DFFF00F0 0000F4 (v04 VBOX   VBOXFACP 00000001 ASL  00000061)
[    0.000000] ACPI: DSDT 0x00000000DFFF0470 0021C8 (v02 VBOX   VBOXBIOS 00000002 INTL 20100528)
[    0.000000] ACPI: FACS 0x00000000DFFF0200 000040
[    0.000000] ACPI: FACS 0x00000000DFFF0200 000040
[    0.000000] ACPI: APIC 0x00000000DFFF0240 00005C (v02 VBOX   VBOXAPIC 00000001 ASL  00000061)
[    0.000000] ACPI: SSDT 0x00000000DFFF02A0 0001CC (v01 VBOX   VBOXCPUT 00000002 INTL 20100528)
[    0.000000] No NUMA configuration found
[    0.000000] Faking a node at [mem 0x0000000000000000-0x000000011fffffff]
[    0.000000] NODE_DATA(0) allocated [mem 0x11fff7000-0x11fffbfff]
[    0.000000] kvm-clock: Using msrs 4b564d01 and 4b564d00
[    0.000000] kvm-clock: cpu 0, msr 1:1ffef001, primary cpu clock
[    0.000000] kvm-clock: using sched offset of 2872334242 cycles
[    0.000000] clocksource: kvm-clock: mask: 0xffffffffffffffff max_cycles: 0x1cd42e4dffb, max_idle_ns: 881590591483 ns
[    0.000000] Zone ranges:
[    0.000000]   DMA      [mem 0x0000000000001000-0x0000000000ffffff]
[    0.000000]   DMA32    [mem 0x0000000001000000-0x00000000ffffffff]
[    0.000000]   Normal   [mem 0x0000000100000000-0x000000011fffffff]
[    0.000000]   Device   empty
[    0.000000] Movable zone start for each node
[    0.000000] Early memory node ranges
[    0.000000]   node   0: [mem 0x0000000000001000-0x000000000009efff]
[    0.000000]   node   0: [mem 0x0000000000100000-0x00000000dffeffff]
[    0.000000]   node   0: [mem 0x0000000100000000-0x000000011fffffff]
[    0.000000] Initmem setup node 0 [mem 0x0000000000001000-0x000000011fffffff]
[    0.000000] ACPI: PM-Timer IO Port: 0x4008
[    0.000000] IOAPIC[0]: apic_id 2, version 32, address 0xfec00000, GSI 0-23
[    0.000000] ACPI: INT_SRC_OVR (bus 0 bus_irq 0 global_irq 2 dfl dfl)
[    0.000000] ACPI: INT_SRC_OVR (bus 0 bus_irq 9 global_irq 9 high level)
[    0.000000] Using ACPI (MADT) for SMP configuration information
[    0.000000] smpboot: Allowing 2 CPUs, 0 hotplug CPUs
[    0.000000] PM: Registered nosave memory: [mem 0x00000000-0x00000fff]
[    0.000000] PM: Registered nosave memory: [mem 0x0009f000-0x0009ffff]
[    0.000000] PM: Registered nosave memory: [mem 0x000a0000-0x000effff]
[    0.000000] PM: Registered nosave memory: [mem 0x000f0000-0x000fffff]
[    0.000000] PM: Registered nosave memory: [mem 0xdfff0000-0xdfffffff]
[    0.000000] PM: Registered nosave memory: [mem 0xe0000000-0xfebfffff]
[    0.000000] PM: Registered nosave memory: [mem 0xfec00000-0xfec00fff]
[    0.000000] PM: Registered nosave memory: [mem 0xfec01000-0xfedfffff]
[    0.000000] PM: Registered nosave memory: [mem 0xfee00000-0xfee00fff]
[    0.000000] PM: Registered nosave memory: [mem 0xfee01000-0xfffbffff]
[    0.000000] PM: Registered nosave memory: [mem 0xfffc0000-0xffffffff]
[    0.000000] e820: [mem 0xe0000000-0xfebfffff] available for PCI devices
[    0.000000] Booting paravirtualized kernel on KVM
[    0.000000] clocksource: refined-jiffies: mask: 0xffffffff max_cycles: 0xffffffff, max_idle_ns: 7645519600211568 ns
[    0.000000] setup_percpu: NR_CPUS:512 nr_cpumask_bits:512 nr_cpu_ids:2 nr_node_ids:1
[    0.000000] PERCPU: Embedded 33 pages/cpu @ffff88011fc00000 s98264 r8192 d28712 u1048576
[    0.000000] PV qspinlock hash table entries: 256 (order: 0, 4096 bytes)
[    0.000000] Built 1 zonelists in Node order, mobility grouping on.  Total pages: 1032057
[    0.000000] Policy zone: Normal
[    0.000000] Kernel command line: BOOT_IMAGE=/boot/vmlinuz-4.4.0-78-generic root=LABEL=cloudimg-rootfs ro console=tty1 console=ttyS0
[    0.000000] PID hash table entries: 4096 (order: 3, 32768 bytes)
[    0.000000] Memory: 4032296K/4193848K available (8469K kernel code, 1294K rwdata, 3984K rodata, 1484K init, 1316K bss, 161552K reserved, 0K cma-reserved)
[    0.000000] SLUB: HWalign=64, Order=0-3, MinObjects=0, CPUs=2, Nodes=1
[    0.000000] Hierarchical RCU implementation.
[    0.000000] 	Build-time adjustment of leaf fanout to 64.
[    0.000000] 	RCU restricting CPUs from NR_CPUS=512 to nr_cpu_ids=2.
[    0.000000] RCU: Adjusting geometry for rcu_fanout_leaf=64, nr_cpu_ids=2
[    0.000000] NR_IRQS:33024 nr_irqs:440 16
[    0.000000] Console: colour VGA+ 80x25
[    0.000000] console [tty1] enabled
[    0.000000] console [ttyS0] enabled
[    0.000000] tsc: Detected 4007.996 MHz processor
[   10.043619] Calibrating delay loop (skipped) preset value.. 8015.99 BogoMIPS (lpj=16031984)
[   10.175627] pid_max: default: 32768 minimum: 301
[   10.176172] ACPI: Core revision 20150930
[   10.177275] ACPI: 2 ACPI AML tables successfully acquired and loaded
[   10.178034] Security Framework initialized
[   10.235083] Yama: becoming mindful.
[   10.288267] AppArmor: AppArmor initialized
[   10.289918] Dentry cache hash table entries: 524288 (order: 10, 4194304 bytes)
[   10.472737] Inode-cache hash table entries: 262144 (order: 9, 2097152 bytes)
[   10.617375] Mount-cache hash table entries: 8192 (order: 4, 65536 bytes)
[   10.678111] Mountpoint-cache hash table entries: 8192 (order: 4, 65536 bytes)
[   10.678951] Initializing cgroup subsys io
[   10.679445] Initializing cgroup subsys memory
[   10.739493] Initializing cgroup subsys devices
[   10.846764] Initializing cgroup subsys freezer
[   10.968616] Initializing cgroup subsys net_cls
[   11.098334] Initializing cgroup subsys perf_event
[   11.162234] Initializing cgroup subsys net_prio
[   11.167289] Initializing cgroup subsys hugetlb
[   11.167805] Initializing cgroup subsys pids
[   11.168358] CPU: Physical Processor ID: 0
[   11.245811] CPU: Processor Core ID: 0
[   11.250166] mce: CPU supports 0 MCE banks
[   11.365165] Last level iTLB entries: 4KB 64, 2MB 8, 4MB 8
[   11.365764] Last level dTLB entries: 4KB 64, 2MB 0, 4MB 0, 1GB 4
[   11.367708] Freeing SMP alternatives memory: 32K (ffffffff820b8000 - ffffffff820c0000)
[   11.374235] ftrace: allocating 32120 entries in 126 pages
[   11.408507] smpboot: APIC(0) Converting physical 0 to logical package 0
[   11.494159] smpboot: Max logical packages: 1
[   11.494865] x2apic enabled
[   11.495399] Switched APIC routing to physical x2apic.
[   11.503798] ..TIMER: vector=0x30 apic1=0 pin1=2 apic2=-1 pin2=-1
[   11.621104] smpboot: CPU0: Intel(R) Core(TM) i7-6700K CPU @ 4.00GHz (family: 0x6, model: 0x5e, stepping: 0x3)
[   11.795233] Performance Events: unsupported p6 CPU model 94 no PMU driver, software events only.
[   11.989932] KVM setup paravirtual spinlock
[   12.096535] x86: Booting SMP configuration:
[   12.113796] .... node  #0, CPUs:      #1
[   12.114324] kvm-clock: cpu 1, msr 1:1ffef041, secondary cpu clock
[   12.115666] mce: CPU supports 0 MCE banks
[   12.117958] x86: Booted up 1 node, 2 CPUs
[   12.118573] smpboot: Total of 2 processors activated (16031.98 BogoMIPS)
[   12.119561] devtmpfs: initialized
[   12.121011] evm: security.selinux
[   12.121439] evm: security.SMACK64
[   12.121878] evm: security.SMACK64EXEC
[   12.215402] evm: security.SMACK64TRANSMUTE
[   12.303596] evm: security.SMACK64MMAP
[   12.320201] evm: security.ima
[   12.320611] evm: security.capability
[   12.321262] clocksource: jiffies: mask: 0xffffffff max_cycles: 0xffffffff, max_idle_ns: 7645041785100000 ns
[   12.455978] futex hash table entries: 512 (order: 3, 32768 bytes)
[   12.490754] pinctrl core: initialized pinctrl subsystem
[   12.590097] RTC time: 21:28:14, date: 05/19/17
[   12.590755] NET: Registered protocol family 16
[   12.601159] cpuidle: using governor ladder
[   12.625129] cpuidle: using governor menu
[   12.679532] PCCT header not found.
[   12.694730] ACPI: bus type PCI registered
[   12.695218] acpiphp: ACPI Hot Plug PCI Controller Driver version: 0.5
[   12.704516] PCI: Using configuration type 1 for base access
[   12.718523] ACPI: Added _OSI(Module Device)
[   12.738915] ACPI: Added _OSI(Processor Device)
[   12.801408] ACPI: Added _OSI(3.0 _SCP Extensions)
[   12.931300] ACPI: Added _OSI(Processor Aggregator Device)
[   13.051056] ACPI: Executed 1 blocks of module-level executable AML code
[   13.206827] ACPI: Interpreter enabled
[   13.207293] ACPI: (supports S0 S5)
[   13.207728] ACPI: Using IOAPIC for interrupt routing
[   13.309990] PCI: Using host bridge windows from ACPI; if necessary, use "pci=nocrs" and report a bug
[   13.367602] ACPI: PCI Root Bridge [PCI0] (domain 0000 [bus 00-ff])
[   13.368261] acpi PNP0A03:00: _OSC: OS supports [ASPM ClockPM Segments MSI]
[   13.368972] acpi PNP0A03:00: _OSC failed (AE_NOT_FOUND); disabling ASPM
[   13.369679] acpi PNP0A03:00: fail to add MMCONFIG information, can't access extended PCI configuration space under this bridge.
[   13.550101] PCI host bridge to bus 0000:00
[   13.616598] pci_bus 0000:00: root bus resource [io  0x0000-0x0cf7 window]
[   13.720018] pci_bus 0000:00: root bus resource [io  0x0d00-0xffff window]
[   13.804800] pci_bus 0000:00: root bus resource [mem 0x000a0000-0x000bffff window]
[   13.828907] pci_bus 0000:00: root bus resource [mem 0xe0000000-0xffdfffff window]
[   13.999882] pci_bus 0000:00: root bus resource [bus 00-ff]
[   14.115010] pci 0000:00:01.1: legacy IDE quirk: reg 0x10: [io  0x01f0-0x01f7]
[   14.150269] pci 0000:00:01.1: legacy IDE quirk: reg 0x14: [io  0x03f6]
[   14.150949] pci 0000:00:01.1: legacy IDE quirk: reg 0x18: [io  0x0170-0x0177]
[   14.151673] pci 0000:00:01.1: legacy IDE quirk: reg 0x1c: [io  0x0376]
[   14.272762] pci 0000:00:07.0: quirk: [io  0x4000-0x403f] claimed by PIIX4 ACPI
[   14.366345] pci 0000:00:07.0: quirk: [io  0x4100-0x410f] claimed by PIIX4 SMB
[   14.454681] ACPI: PCI Interrupt Link [LNKA] (IRQs 5 9 10 *11)
[   14.463073] ACPI: PCI Interrupt Link [LNKB] (IRQs 5 9 10 *11)
[   14.463978] ACPI: PCI Interrupt Link [LNKC] (IRQs 5 9 *10 11)
[   14.464893] ACPI: PCI Interrupt Link [LNKD] (IRQs 5 *9 10 11)
[   14.584981] ACPI: Enabled 2 GPEs in block 00 to 07
[   14.585807] vgaarb: setting as boot device: PCI:0000:00:02.0
[   14.713602] vgaarb: device added: PCI:0000:00:02.0,decodes=io+mem,owns=io+mem,locks=none
[   14.750338] vgaarb: loaded
[   14.790784] vgaarb: bridge control possible 0000:00:02.0
[   14.916776] SCSI subsystem initialized
[   15.010488] ACPI: bus type USB registered
[   15.050869] usbcore: registered new interface driver usbfs
[   15.094994] usbcore: registered new interface driver hub
[   15.153731] usbcore: registered new device driver usb
[   15.154454] PCI: Using ACPI for IRQ routing
[   15.244039] NetLabel: Initializing
[   15.310023] NetLabel:  domain hash size = 128
[   15.377713] NetLabel:  protocols = UNLABELED CIPSOv4
[   15.487079] NetLabel:  unlabeled traffic allowed by default
[   15.610921] amd_nb: Cannot enumerate AMD northbridges
[   15.611512] clocksource: Switched to clocksource kvm-clock
[   15.619929] AppArmor: AppArmor Filesystem Enabled
[   15.731738] pnp: PnP ACPI init
[   15.770623] pnp: PnP ACPI: found 3 devices
[   15.778660] clocksource: acpi_pm: mask: 0xffffff max_cycles: 0xffffff, max_idle_ns: 2085701024 ns
[   15.885048] NET: Registered protocol family 2
[   16.008546] TCP established hash table entries: 32768 (order: 6, 262144 bytes)
[   16.204707] TCP bind hash table entries: 32768 (order: 7, 524288 bytes)
[   16.375096] TCP: Hash tables configured (established 32768 bind 32768)
[   16.489318] UDP hash table entries: 2048 (order: 4, 65536 bytes)
[   16.535179] UDP-Lite hash table entries: 2048 (order: 4, 65536 bytes)
[   16.678871] NET: Registered protocol family 1
[   16.737436] pci 0000:00:00.0: Limiting direct PCI/PCI transfers
[   16.738093] pci 0000:00:01.0: Activating ISA DMA hang workarounds
[   16.738830] Unpacking initramfs...
[   17.865329] Freeing initrd memory: 10796K (ffff880036ada000 - ffff880037565000)
[   18.084355] PCI-DMA: Using software bounce buffering for IO (SWIOTLB)
[   18.267735] software IO TLB [mem 0xdbff0000-0xdfff0000] (64MB) mapped at [ffff8800dbff0000-ffff8800dffeffff]
[   18.542225] platform rtc_cmos: registered platform RTC device (no PNP device found)
[   18.743191] Scanning for low memory corruption every 60 seconds
[   18.922963] audit: initializing netlink subsys (disabled)
[   19.039272] audit: type=2000 audit(1495229290.692:1): initialized
[   19.175260] Initialise system trusted keyring
[   19.175912] HugeTLB registered 2 MB page size, pre-allocated 0 pages
[   19.177414] zbud: loaded
[   19.177993] VFS: Disk quotas dquot_6.6.0
[   19.178492] VFS: Dquot-cache hash table entries: 512 (order 0, 4096 bytes)
[   19.239952] squashfs: version 4.0 (2009/01/31) Phillip Lougher
[   19.240832] fuse init (API version 7.23)
[   19.265401] Key type big_key registered
[   19.265882] Allocating IMA MOK and blacklist keyrings.
[   19.268019] Key type asymmetric registered
[   19.268511] Asymmetric key parser 'x509' registered
[   19.269086] Block layer SCSI generic (bsg) driver version 0.4 loaded (major 249)
[   19.272902] io scheduler noop registered
[   19.273600] io scheduler deadline registered (default)
[   19.274468] io scheduler cfq registered
[   19.275221] pci_hotplug: PCI Hot Plug PCI Core version: 0.5
[   19.284432] pciehp: PCI Express Hot Plug Controller Driver version: 0.4
[   19.285206] ACPI: AC Adapter [AC] (on-line)
[   19.285734] input: Power Button as /devices/LNXSYSTM:00/LNXPWRBN:00/input/input0
[   19.380105] ACPI: Power Button [PWRF]
[   19.461161] input: Sleep Button as /devices/LNXSYSTM:00/LNXSLPBN:00/input/input1
[   19.583809] tsc: Refined TSC clocksource calibration: 4007.853 MHz
[   19.584461] clocksource: tsc: mask: 0xffffffffffffffff max_cycles: 0x39c556c3e47, max_idle_ns: 440795300189 ns
[   19.585542] ACPI: Sleep Button [SLPF]
[   19.625321] GHES: HEST is not enabled!
[   19.737985] Serial: 8250/16550 driver, 32 ports, IRQ sharing enabled
[   19.759866] 00:02: ttyS0 at I/O 0x3f8 (irq = 4, base_baud = 115200) is a 16550A
[   19.791232] Linux agpgart interface v0.103
[   19.793683] loop: module loaded
[   19.842253] scsi host0: ata_piix
[   19.906967] scsi host1: ata_piix
[   19.918839] ata1: PATA max UDMA/33 cmd 0x1f0 ctl 0x3f6 bmdma 0xd000 irq 14
[   19.936462] ata2: PATA max UDMA/33 cmd 0x170 ctl 0x376 bmdma 0xd008 irq 15
[   19.937543] libphy: Fixed MDIO Bus: probed
[   19.948460] tun: Universal TUN/TAP device driver, 1.6
[   19.958051] tun: (C) 1999-2004 Max Krasnyansky <maxk@qualcomm.com>
[   19.958772] PPP generic driver version 2.4.2
[   19.959319] ehci_hcd: USB 2.0 'Enhanced' Host Controller (EHCI) Driver
[   19.961485] ehci-pci: EHCI PCI platform driver
[   19.962012] ehci-platform: EHCI generic platform driver
[   19.962602] ohci_hcd: USB 1.1 'Open' Host Controller (OHCI) Driver
[   19.963253] ohci-pci: OHCI PCI platform driver
[   19.963784] ohci-platform: OHCI generic platform driver
[   19.964366] uhci_hcd: USB Universal Host Controller Interface driver
[   19.965070] i8042: PNP: PS/2 Controller [PNP0303:PS2K,PNP0f03:PS2M] at 0x60,0x64 irq 1,12
[   19.966398] serio: i8042 KBD port at 0x60,0x64 irq 1
[   19.966960] serio: i8042 AUX port at 0x60,0x64 irq 12
[   19.973618] mousedev: PS/2 mouse device common for all mice
[   20.013495] rtc_cmos rtc_cmos: rtc core: registered rtc_cmos as rtc0
[   20.019930] input: AT Translated Set 2 keyboard as /devices/platform/i8042/serio0/input/input2
[   20.027243] rtc_cmos rtc_cmos: alarms up to one day, 114 bytes nvram
[   20.027939] i2c /dev entries driver
[   20.028422] device-mapper: uevent: version 1.0.3
[   20.029008] device-mapper: ioctl: 4.34.0-ioctl (2015-10-28) initialised: dm-devel@redhat.com
[   20.085287] ledtrig-cpu: registered to indicate activity on CPUs
[   20.161253] NET: Registered protocol family 10
[   20.244802] NET: Registered protocol family 17
[   20.345357] Key type dns_resolver registered
[   20.458425] microcode: CPU0 sig=0x506e3, pf=0x2, revision=0x0
[   20.473481] microcode: CPU1 sig=0x506e3, pf=0x2, revision=0x0
[   20.474132] microcode: Microcode Update Driver: v2.01 <tigran@aivazian.fsnet.co.uk>, Peter Oruba
[   20.488666] registered taskstats version 1
[   20.489180] Loading compiled-in X.509 certificates
[   20.490104] Loaded X.509 cert 'Build time autogenerated kernel key: 779fd75203f0d36b99b83c7328fac831ec7adf9e'
[   20.491207] zswap: loaded using pool lzo/zbud
[   20.494430] Key type trusted registered
[   20.497498] Key type encrypted registered
[   20.589976] AppArmor: AppArmor sha1 policy hashing enabled
[   20.612319] ima: No TPM chip found, activating TPM-bypass!
[   20.612933] evm: HMAC attrs: 0x1
[   20.613650]   Magic number: 1:576:500
[   20.614195] rtc_cmos rtc_cmos: setting system clock to 2017-05-19 21:28:22 UTC (1495229302)
[   20.645811] BIOS EDD facility v0.16 2004-Jun-25, 0 devices found
[   20.646451] EDD information not available.
[   20.724692] Freeing unused kernel memory: 1484K (ffffffff81f45000 - ffffffff820b8000)
[   20.788325] Write protecting the kernel read-only data: 14336k
[   20.789324] Freeing unused kernel memory: 1760K (ffff880001848000 - ffff880001a00000)
[   20.790399] Freeing unused kernel memory: 112K (ffff880001de4000 - ffff880001e00000)
Loading, please [   20.799131] random: systemd-udevd: uninitialized urandom read (16 bytes read, 3 bits of entropy available)
wait...
starting version 229
[   20.799470] random: udevadm: uninitialized urandom read (16 bytes read, 3 bits of entropy available)
[   20.799489] random: udevadm: uninitialized urandom read (16 bytes read, 3 bits of entropy available)
[   20.799551] random: udevadm: uninitialized urandom read (16 bytes read, 3 bits of entropy available)
[   20.799573] random: udevadm: uninitialized urandom read (16 bytes read, 3 bits of entropy available)
[   20.799597] random: udevadm: uninitialized urandom read (16 bytes read, 3 bits of entropy available)
[   20.799619] random: udevadm: uninitialized urandom read (16 bytes read, 3 bits of entropy available)
[   20.799672] random: udevadm: uninitialized urandom read (16 bytes read, 3 bits of entropy available)
[   20.799695] random: udevadm: uninitialized urandom read (16 bytes read, 3 bits of entropy available)
[   20.799716] random: udevadm: uninitialized urandom read (16 bytes read, 3 bits of entropy available)
[   20.878206] e1000: Intel(R) PRO/1000 Network Driver - version 7.3.21-k8-NAPI
[   20.919667] e1000: Copyright (c) 1999-2006 Intel Corporation.
[   21.005415] Fusion MPT base driver 3.04.20
[   21.040281] Copyright (c) 1999-2008 LSI Corporation
[   21.045342] Fusion MPT SPI Host driver 3.04.20
[   21.114410] AVX version of gcm_enc/dec engaged.
[   21.228638] AES CTR mode by8 optimization enabled
[   21.313826] input: ImExPS/2 Generic Explorer Mouse as /devices/platform/i8042/serio1/input/input4
[   21.534229] e1000 0000:00:03.0 eth0: (PCI:33MHz:32-bit) 02:e9:e1:5e:08:22
[   21.691423] e1000 0000:00:03.0 eth0: Intel(R) PRO/1000 Network Connection
[   21.692600] mptbase: ioc0: Initiating bringup
[   21.810690] ioc0: LSI53C1030 A0: Capabilities={Initiator}
[   22.094708] scsi host2: ioc0: LSI53C1030 A0, FwRev=00000000h, Ports=1, MaxQ=256, IRQ=20
[   22.403999] scsi 2:0:0:0: Direct-Access     VBOX     HARDDISK         1.0  PQ: 0 ANSI: 5
[   22.638319] scsi target2:0:0: Beginning Domain Validation
[   22.781157] scsi target2:0:0: Domain Validation skipping write tests
[   22.784453] scsi target2:0:0: Ending Domain Validation
[   22.785047] scsi target2:0:0: asynchronous
[   22.861953] scsi 2:0:1:0: Direct-Access     VBOX     HARDDISK         1.0  PQ: 0 ANSI: 5
[   22.865038] scsi target2:0:1: Beginning Domain Validation
[   22.866286] scsi target2:0:1: Domain Validation skipping write tests
[   22.866972] scsi target2:0:1: Ending Domain Validation
[   22.867604] scsi target2:0:1: asynchronous
[   22.884068] sd 2:0:0:0: Attached scsi generic sg0 type 0
[   22.885897] sd 2:0:0:0: [sda] 20971520 512-byte logical blocks: (10.7 GB/10.0 GiB)
[   22.887040] sd 2:0:1:0: Attached scsi generic sg1 type 0
[   22.887788] sd 2:0:0:0: [sda] Write Protect is off
[   22.888400] sd 2:0:1:0: [sdb] 20480 512-byte logical blocks: (10.5 MB/10.0 MiB)
[   22.901019] sd 2:0:0:0: [sda] Incomplete mode parameter data
[   22.901659] sd 2:0:0:0: [sda] Assuming drive cache: write through
[   22.902726] sd 2:0:1:0: [sdb] Write Protect is off
[   22.903430] sd 2:0:1:0: [sdb] Incomplete mode parameter data
[   22.904090] sd 2:0:1:0: [sdb] Assuming drive cache: write through
[   22.906357]  sda: sda1
[   22.907363] sd 2:0:0:0: [sda] Attached SCSI disk
[   22.925624] sd 2:0:1:0: [sdb] Attached SCSI disk
[   23.154176] e1000 0000:00:08.0 eth1: (PCI:33MHz:32-bit) 08:00:27:5c:f2:c0
[   23.306253] e1000 0000:00:08.0 eth1: Intel(R) PRO/1000 Network Connection
[   23.465138] e1000 0000:00:03.0 enp0s3: renamed from eth0
[   23.571951] e1000 0000:00:08.0 enp0s8: renamed from eth1
[   24.243866] floppy0: no floppy controllers found
Begin: Loading e[   25.474211] md: linear personality registered for level -1
ssential drivers[   25.494876] md: multipath personality registered for level -4
 ... [   25.522817] md: raid0 personality registered for level 0
[   25.565543] md: raid1 personality registered for level 1
[   25.635554] raid6: sse2x1   gen() 12418 MB/s
[   25.771905] raid6: sse2x1   xor()  8028 MB/s
[   25.887753] raid6: sse2x2   gen() 15183 MB/s
[   25.967778] raid6: sse2x2   xor() 10489 MB/s
[   26.055696] raid6: sse2x4   gen() 17350 MB/s
[   26.127860] raid6: sse2x4   xor() 11420 MB/s
[   26.178280] raid6: using algorithm sse2x4 gen() 17350 MB/s
[   26.242684] raid6: .... xor() 11420 MB/s, rmw enabled
[   26.243264] raid6: using ssse3x2 recovery algorithm
[   26.244700] xor: automatically using best checksumming function:
[   26.339527]    avx       : 29573.000 MB/sec
[   26.435379] async_tx: api initialized (async)
[   26.480060] md: raid6 personality registered for level 6
[   26.579960] md: raid5 personality registered for level 5
[   26.615247] md: raid4 personality registered for level 4
[   26.652012] md: raid10 personality registered for level 10
done.
Begin: Running /scripts/init-premount ... done.
Begin: Mounting root file system[   26.669326] Btrfs loaded
 ... Begin: Running /scripts/local-top ... done.
Begin: Running /scripts/local-premount ... Scanning for Btrfs filesystems
done.
Warning: fsck not present, so skipping ro[   26.760028] EXT4-fs (sda1): mounted filesystem with ordered data mode. Opts: (null)
ot file system
done.
Begin: Running /scripts/local-bottom ... done.
Begin: Running /scripts/init-bottom ... done.
[   26.817995] systemd[1]: systemd 229 running in system mode. (+PAM +AUDIT +SELINUX +IMA +APPARMOR +SMACK +SYSVINIT +UTMP +LIBCRYPTSETUP +GCRYPT +GNUTLS +ACL +XZ -LZ4 +SECCOMP +BLKID +ELFUTILS +KMOD -IDN)
[   26.911834] systemd[1]: Detected virtualization oracle.
[   26.912417] systemd[1]: Detected architecture x86-64.

Welcome to [1mUbuntu 16.04.2 LTS[0m!

[   26.917768] systemd[1]: Set hostname to <ubuntu>.
[   26.920294] systemd[1]: Initializing machine ID from random generator.
[   26.963378] systemd[1]: Installed transient /etc/machine-id file.
[   27.041186] systemd[1]: Created slice User and Session Slice.
[[0;32m  OK  [0m] Created slice User and Session Slice.
[   27.075762] systemd[1]: Listening on Device-mapper event daemon FIFOs.
[[0;32m  OK  [0m] Listening on Device-mapper event daemon FIFOs.
[   27.077158] systemd[1]: Listening on Journal Socket (/dev/log).
[[0;32m  OK  [0m] Listening on Journal Socket (/dev/log).
[   27.125319] systemd[1]: Listening on Journal Socket.
[[0;32m  OK  [0m] Listening on Journal Socket.
[   27.172384] systemd[1]: Listening on Journal Audit Socket.
[[0;32m  OK  [0m] Listening on Journal Audit Socket.
[   27.247929] systemd[1]: Reached target Swap.
[[0;32m  OK  [0m] Reached target Swap.
[   27.343966] systemd[1]: Listening on udev Control Socket.
[[0;32m  OK  [0m] Listening on udev Control Socket.
[   27.365504] systemd[1]: Listening on udev Kernel Socket.
[[0;32m  OK  [0m] Listening on udev Kernel Socket.
[   27.400906] systemd[1]: Listening on LVM2 metadata daemon socket.
[[0;32m  OK  [0m] Listening on LVM2 metadata daemon socket.
[   27.458437] systemd[1]: Listening on LVM2 poll daemon socket.
[[0;32m  OK  [0m] Listening on LVM2 poll daemon socket.
[   27.495626] systemd[1]: Reached target User and Group Name Lookups.
[[0;32m  OK  [0m] Reached target User and Group Name Lookups.
[   27.571751] systemd[1]: Listening on /dev/initctl Compatibility Named Pipe.
[[0;32m  OK  [0m] Listening on /dev/initctl Compatibility Named Pipe.
[   27.659965] systemd[1]: Started Trigger resolvconf update for networkd DNS.
[[0;32m  OK  [0m] Started Trigger resolvconf update for networkd DNS.
[   27.679132] systemd[1]: Listening on Syslog Socket.
[[0;32m  OK  [0m] Listening on Syslog Socket.
[   27.757817] systemd[1]: Started Forward Password Requests to Wall Directory Watch.
[[0;32m  OK  [0m] Started Forward Password Requests to Wall Directory Watch.
[   27.808073] systemd[1]: Reached target Encrypted Volumes.
[[0;32m  OK  [0m] Reached target Encrypted Volumes.
[   27.850068] systemd[1]: Created slice System Slice.
[[0;32m  OK  [0m] Created slice System Slice.
[   27.863626] systemd[1]: Starting Journal Service...
         Starting Journal Service...
[   27.947861] systemd[1]: Created slice system-serial\x2dgetty.slice.
[[0;32m  OK  [0m] Created slice system-serial\x2dgetty.slice.
[   28.004178] systemd[1]: Starting Load Kernel Modules...
[   28.010720] Loading iSCSI transport class v2.0-870.
         Startin[   28.051009] iscsi: registered transport (tcp)
g Load Kernel Modules...
[   28.085860] systemd[1]: Starting Monitoring of LVM2 mirrors, snapshots etc. using dmeventd or progress polling...
         Startin[   28.163364] random: nonblocking pool is initialized
g Monitoring of [   28.235663] iscsi: registered transport (iser)
LVM2 mirrors... dmeventd or progress polling...
[   28.375747] systemd[1]: Starting Remount Root and Kernel File Systems...
         Startin[   28.530104] EXT4-fs (sda1): re-mounted. Opts: (null)
g Remount Root and Kernel File Systems...
[   28.619796] systemd[1]: Mounting POSIX Message Queue File System...
         Mounting POSIX Message Queue File System...
[   28.762817] systemd[1]: Reached target Slices.
[[0;32m  OK  [0m] Reached target Slices.
[   28.847811] systemd[1]: Mounting Huge Pages File System...
         Mounting Huge Pages File System...
[   28.866773] systemd[1]: Starting Create list of required static device nodes for the current kernel...
         Starting Create list of required st... nodes for the current kernel...
[   29.007686] systemd[1]: Mounting Debug File System...
         Mounting Debug File System...
[   29.030555] systemd[1]: Starting Nameserver information manager...
         Starting Nameserver information manager...
[   29.032081] systemd[1]: Starting Set console keymap...
         Starting Set console keymap...
[   29.087514] systemd[1]: Set up automount Arbitrary Executable File Formats File System Automount Point.
[[0;32m  OK  [0m] Set up automount Arbitrary Executab...ats File System Automount Point.
[   29.103703] systemd[1]: Starting Uncomplicated firewall...
         Starting Uncomplicated firewall...
[   29.204369] systemd[1]: Mounted Huge Pages File System.
[[0;32m  OK  [0m] Mounted Huge Pages File System.
[   29.277554] systemd[1]: Mounted Debug File System.
[[0;32m  OK  [0m] Mounted Debug File System.
[   29.302199] systemd[1]: Mounted POSIX Message Queue File System.
[[0;32m  OK  [0m] Mounted POSIX Message Queue File System.
[   29.303469] systemd[1]: Started Journal Service.
[[0;32m  OK  [0m] Started Journal Service.
[[0;32m  OK  [0m] Started Load Kernel Modules.
[[0;32m  OK  [0m] Started Remount Root and Kernel File Systems.
[[0;32m  OK  [0m] Started Create list of required sta...ce nodes for the current kernel.
[[0;32m  OK  [0m] Started Set console keymap.
[[0;32m  OK  [0m] Started Uncomplicated firewall.
[[0;32m  OK  [0m] Started Nameserver information manager.
[[0;32m  OK  [0m] Started LVM2 metadata daemon.
         Starting Create Static Device Nodes in /dev...
         Starting Load/Save Random Seed...
         Starting Initial cloud-init job (pre-networking)...
         Starting udev Coldplug all Devices...
         Starting Apply Kernel Variables...
         Mounting FUSE Control File System...
         Starting Flush Journal to Persistent Storage...
[[0;32m  OK  [0m] Mounted FUSE Control File System.
[[0;32m  OK  [0m] Started Create Static Device Nodes in /dev.
[[0;32m  OK  [0m] Started Load/Save Random Seed.
[[0;32m  OK  [0m] Started Apply Kernel Variables.
         Starting udev Kernel Device Manager...
[[0;32m  OK  [0m] Started udev Coldplug all Devices.
[[0;32m  OK  [0m] Started Flush Journal to Persistent Storage.
[[0;32m  OK  [0m] Started udev Kernel Device Manager.
[[0;32m  OK  [0m] Started Dispatch Password Requests to Console Directory Watch.
[[0;32m  OK  [0m] Found device /dev/ttyS0.
[[0;32m  OK  [0m] Started Monitoring of LVM2 mirrors,...ng dmeventd or progress polling.
[[0;32m  OK  [0m] Reached target Local File Systems (Pre).
[[0;32m  OK  [0m] Reached target Local File Systems.
         Starting Create Volatile Files and Directories...
         Starting Set console font and keymap...
         Starting Tell Plymouth To Write Out Runtime Data...
         Starting LSB: AppArmor initialization...
         Starting Commit a transient machine-id on disk...
[[0;32m  OK  [0m] Started Create Volatile Files and Directories.
[   14.873111] cloud-init[447]: Cloud-init v. 0.7.9 running 'init-local' at Fri, 19 May 2017 21:28:31 +0000. Up 14.72 seconds.
[[0;32m  OK  [0m] Started Tell Plymouth To Write Out Runtime Data.
[[0;32m  OK  [0m] Started Commit a transient machine-id on disk.
[[0;32m  OK  [0m] Started Set console font and keymap.
[[0;32m  OK  [0m] Started Initial cloud-init job (pre-networking).
[[0;32m  OK  [0m] Listening on Load/Save RF Kill Switch Status /dev/rfkill Watch.
[[0;32m  OK  [0m] Reached target Network (Pre).
[[0;32m  OK  [0m] Created slice system-getty.slice.
         Starting Update UTMP about System Boot/Shutdown...
[[0;32m  OK  [0m] Reached target System Time Synchronized.
[[0;32m  OK  [0m] Started Update UTMP about System Boot/Shutdown.
[[0;32m  OK  [0m] Started LSB: AppArmor initialization.
         Starting Raise network interfaces...
[[0;32m  OK  [0m] Started Raise network interfaces.
         Starting Initial cloud-init job (metadata service crawler)...
[[0;32m  OK  [0m] Reached target Network.
[   18.115365] cloud-init[937]: Cloud-init v. 0.7.9 running 'init' at Fri, 19 May 2017 21:28:34 +0000. Up 17.80 seconds.
[   18.134570] cloud-init[937]: ci-info: +++++++++++++++++++++++++++++++++++++Net device info++++++++++++++++++++++++++++++++++++++
[   18.136686] cloud-init[937]: ci-info: +--------+-------+---------------------------+---------------+-------+-------------------+
[   18.184471] cloud-init[937]: ci-info: | Device |   Up  |          Address          |      Mask     | Scope |     Hw-Address    |
[   18.276256] cloud-init[937]: ci-info: +--------+-------+---------------------------+---------------+-------+-------------------+
[   18.304572] cloud-init[937]: ci-info: | enp0s3 |  True |         10.0.2.15         | 255.255.255.0 |   .   | 02:e9:e1:5e:08:22 |
[[0;32m  OK  [0m] Started Initial cloud-init job (metadata service crawler).
[   18.315424] cloud-init[937]: ci-info: | enp0s3 |  True | fe80::e9:e1ff:fe5e:822/64 |       .       |  link | 02:e9:e1:5e:08:22 |
[   18.360655] cloud-init[937]: ci-info: |   lo   |  True |         127.0.0.1         |   255.0.0.0   |   .   |         .         |
[   18.396476] cloud-init[937]: ci-info: |   lo   |  True |          ::1/128          |       .       |  host |         .         |
[   18.448802] cloud-init[937]: ci-info: | enp0s8 | False |             .             |       .       |   .   | 08:00:27:5c:f2:c0 |
[   18.508332] cloud-init[937]: ci-info: +--------+-------+---------------------------+---------------+-------+-------------------+
[   18.576481] cloud-init[937]: ci-info: +++++++++++++++++++++++++++Route IPv4 info++++++++++++++++++++++++++++
[   18.605192] cloud-init[937]: ci-info: +-------+-------------+----------+---------------+-----------+-------+
[[0;32m  OK  [0m] Reached target Cloud-config availability.
[[0;32m  OK  [0m] Reached target Network is Online.
[   18.638847] cloud-init[937]: ci-info: | Route | Destination | Gateway  |    Genmask    | Interface | Flags |
[   18.681213] cloud-init[937]: ci-info: +-------+-------------+----------+---------------+-----------+-------+
[   18.730098] cloud-init[937]: ci-info: |   0   |   0.0.0.0   | 10.0.2.2 |    0.0.0.0    |   enp0s3  |   UG  |
[   18.738690] cloud-init[937]: ci-info: |   1   |   10.0.2.0  | 0.0.0.0  | 255.255.255.0 |   enp0s3  |   U   |
[   18.796326] cloud-init[937]: ci-info: +-------+-------------+----------+---------------+-----------+-------+
         Starting iSCSI initiator daemon (iscsid)...
[[0;32m  OK  [0m] Reached target System Initialization.
[[0;32m  OK  [0m] Listening on D-Bus System Message Bus Socket.
[[0;32m  OK  [0m] Listening on UUID daemon activation socket.
[[0;32m  OK  [0m] Started Daily apt activities.
         Starting Socket activation for snappy daemon.
[[0;32m  OK  [0m] Started Timer to automatically refresh installed snaps.
[   18.836504] cloud-init[937]: Generating public/private rsa key pair.
[   18.948885]          cloud-initStarting LXD - unix socket.[937]: 
Your identification has been saved in /etc/ssh/ssh_host_rsa_key.
[   19.004327] [cloud-init[0;32m  OK  [0m[937]: ] Your public key has been saved in /etc/ssh/ssh_host_rsa_key.pub.Started ACPI Events Check.

[[0;32m  OK  [0m] Reached target Paths.
[[0;32m  OK  [0m] Listening on ACPID Listen Socket.
[   19.004589] cloud-init[937]: The key fingerprint is:
[   19.044152] [[0;32m  OK  [0m] Started Daily Cleanup of Temporary Directories.
[[0;32m  OK  [0m] Reached target Timers.
cloud-init[937]: SHA256:oLuJ+DGS7+GuOzjnStOnRTZnOrnc7BjDx59SqoKiUPU root@ubuntu-xenial
[   19.070740] [cloud-init[0;32m  OK  [0m[937]: ] The key's randomart image is:Listening on Socket activation for snappy daemon.

[   19.076221] [[0;32m  OK  [0m] Listening on LXD - unix socket.
cloud-init[937]: +---[RSA 2048]----+
[   19.078512] [cloud-init[0;32m  OK  [0m[937]: ] |                 |Started iSCSI initiator daemon (iscsid).

[   19.078784] cloud-init[937]: |                 |
[   19.168529] cloud-init[937]: |    . .          |
[   19.206400] cloud-init[937]: |   . o .         |
[   19.207092] cloud-init[937]: |  . .+EoS        |
[   19.207658] cloud-init[937]: | o. +.B  .       |
[   19.208228] cloud-init[937]: |=o=..X oo        |
[   19.216453] cloud-init[937]: |B*o*=oXo. .      |
[   19.231301] cloud-init[937]: |O%O.+=o+.o       |
[   19.245309] cloud-init[937]: +----[SHA256]-----+
[   19.265916] cloud-init[937]: Generating public/private dsa key pair.
[   19.312249] cloud-init[937]: Your identification has been saved in /etc/ssh/ssh_host_dsa_key.
[   19.378282] cloud-init[937]: Your public key has been saved in /etc/ssh/ssh_host_dsa_key.pub.
[   19.439002] cloud-init[937]: The key fingerprint is:
[   19.439560] cloud-init[937]: SHA256:QS9xAwPvrja9Kq2mEv8PnovPDl9Bof022l0JoMlCF70 root@ubuntu-xenial
[   19.452398] cloud-init[937]: The key's randomart image is:
         Starting Login to default iSCSI targets...
[[0;32m  OK  [0m] Reached target Sockets.
[[0;32m  OK  [0m] Reached target Basic System.
[   19.477040] cloud-init[937]: +---[DSA 1024]----+
[   19.520209] cloud-init[937]: |    . =+*.o      |
[   19.568466] cloud-init[937]: |   . = *.* .     |
[   19.575169] cloud-init[937]: |    o * +.o      |
[   19.578387] cloud-init[937]: |     o oEo . .   |
[   19.596444] cloud-init[937]: |      . S   o    |
[   19.636567] cloud-init[937]: |.      * o .     |
[   19.680563] cloud-init[937]: | o. ..o.o .      |
[   19.701182] cloud-init[937]: |. .*o++..        |
         Starting LXD - container startup/shutdown...
[   19.708393] cloud-init[937]: | .o*@*+o..       |
[   19.744897] cloud-init[937]: +----[SHA256]-----+
[   19.776553] cloud-init[937]: Generating public/private ecdsa key pair.
[   19.776787] cloud-init[937]: Your identification has been saved in /etc/ssh/ssh_host_ecdsa_key.
         Starting System Logging Service...
[   19.776864] cloud-init[937]: Your public key has been saved in /etc/ssh/ssh_host_ecdsa_key.pub.
[   19.852580] cloud-init[937]: The key fingerprint is:
[   19.852760] cloud-init[937]: SHA256:nhEcCtNfwQQahVvQidIrtJne1aMdpAQDCiyehnJUJd8 root@ubuntu-xenial
         Starting LSB: Record successful boot for GRUB...
[   19.852827] cloud-init[937]: The key's randomart image is:
[   19.980599] cloud-init[937]: +---[ECDSA 256]---+
[   19.980744] cloud-init[937]: |o  .*=*B+=o.     |
         Starting Apply the settings specified in cloud-config...
[   19.980821] cloud-init[937]: |.o..o==B=.+      |
[   20.034850] cloud-init[937]: |+.o. =+*E=       |
[   20.035038] cloud-init[937]: |o+. = o +.+      |
         Starting Accounts Service...
[[   20.035113] cloud-init[937]: |o. . o .So o     |
[   20.109045] cloud-init[937]: [0;32m  OK  [0m|    . ...o.      |] 
Started Unattended Upgrades Shutdown.
[   20.109101] cloud-init[937]: |        o        |
[   20.180518] cloud-init[937]: |                 |
[   20.180961] cloud-init[937]: |                 |
[[0;32m  OK  [0m] Started D-Bus System Message Bus.
[   20.181036] cloud-init[937]: +----[SHA256]-----+
[   20.185019] cloud-init[937]: Generating public/private ed25519 key pair.
[   20.185833] cloud-init[937]: Your identification has been saved in /etc/ssh/ssh_host_ed25519_key.
[[0;32m  OK  [0m] Started FUSE filesystem for LXC.
[   20.274795] cloud-init[937]: Your public key has been saved in /etc/ssh/ssh_host_ed25519_key.pub.
[   20.299604] cloud-init[937]: The key fingerprint is:
[   20.312313] cloud-init[937]: SHA256:/xdILJoVGZyoBIhr/LO6kWJ18ma4hfgLvNn5vV49zAo root@ubuntu-xenial
[   20.319458] cloud-init[937]: The key's randomart image is:
[   20.322642] cloud-init[937]: +--[ED25519 256]--+
[   20.353885] cloud-init[937]: | . ...   o.+     |
[   20.354055] cloud-init[937]: |. .   . . =      |
         Starting Pollinate to seed the pseudo random number generator...
[   20.354185] cloud-init[937]: |..   . .   o     |
[   20.400705] cloud-init[937]: |.o    .   o o    |
[   20.401224] cloud-init[937]: |. .o .  S+ o .   |
[   20.415803] cloud-init[937]: |. +o*   o.+ . .  |
[   20.415986] cloud-init[937]: |.B oo= E ..=   . |
         Starting /etc/rc.local Compatibility...
[   20.416066] cloud-init[937]: |o B.* . o ... .  |
[   20.420291] cloud-init[937]: | =o*o..+..  ..   |
[   20.420956] cloud-init[937]: +----[SHA256]-----+
[[0;32m  OK  [0m] Started Regular background program processing daemon.[   20.421992] cloud-init[1055]: Generating locales (this might take a while)...

[[0;32m  OK  [0m] Started Deferred execution scheduler.
[[0;32m  OK  [0m] Started ACPI event daemon.
[[0;32m  OK  [0m] Started Snappy daemon.
         Starting Auto import assertions from block devices...
         Starting Login Service...
         Starting LSB: MD monitoring daemon...
[[0;32m  OK  [0m] Started System Logging Service.
[[0;32m  OK  [0m] Started LXD - container startup/shutdown.
[[0;32m  OK  [0m] Started /etc/rc.local Compatibility.
[[0;32m  OK  [0m] Started Auto import assertions from block devices.
[   20.700297] cloud-init[1055]:   en_US.UTF-8... done
[   20.707757] cloud-init[1055]: Generation complete.
[[0;32m  OK  [0m] Started LSB: Record successful boot for GRUB.
[[0;32m  OK  [0m] Started Login to default iSCSI targets.
         Starting Authenticate and Authorize Users to Run Privileged Tasks...
[[0;32m  OK  [0m] Reached target Remote File Systems (Pre).
[[0;32m  OK  [0m] Reached target Remote File Systems.
         Starting Permit User Sessions...
         Starting LSB: daemon to balance interrupts for SMP systems...
         Starting LSB: VirtualBox Linux Additions...
         Starting LSB: automatic crash report generation...
         Starting LSB: Set the CPU Frequency Scaling governor to "ondemand"...
[[0;32m  OK  [0m] Started LSB: MD monitoring daemon.
[[0;32m  OK  [0m] Started Permit User Sessions.
[[0;32m  OK  [0m] Started Login Service.
[[0;32m  OK  [0m] Started Authenticate and Authorize Users to Run Privileged Tasks.
[[0;32m  OK  [0m] Started Accounts Service.
         Starting Terminate Plymouth Boot Screen...
         Starting Hold until boot process finishes up...
[[0;32m  OK  [0m] Started LSB: daemon to balance interrupts for SMP systems.
[[0;32m  OK  [0m] Started LSB: VirtualBox Linux Additions.
[[0;32m  OK  [0m] Started LSB: automatic crash report generation.
[[0;32m  OK  [0m] Started LSB: Set the CPU Frequency Scaling governor to "ondemand".
[[0;32m  OK  [0m] Started Terminate Plymouth Boot Screen.
[[0;32m  OK  [0m] Started Hold until boot process finishes up.
[[0;32m  OK  [0m] Stopped OpenBSD Secure Shell server.
         Starting OpenBSD Secure Shell server...
[[0;32m  OK  [0m] Started Getty on tty1.
[[0;32m  OK  [0m] Started Serial Getty on ttyS0.
[[0;32m  OK  [0m] Reached target Login Prompts.
         Starting Set console scheme...
[[0;32m  OK  [0m] Started OpenBSD Secure Shell server.
[[0;32m  OK  [0m] Started Set console scheme.
[[0;32m  OK  [0m] Created slice User Slice of ubuntu.
         Starting User Manager for UID 1000...
[[0;32m  OK  [0m] Started Session 1 of user ubuntu.
[[0;32m  OK  [0m] Started User Manager for UID 1000.
[[0;32m  OK  [0m] Started Pollinate to seed the pseudo random number generator.
[   21.379678] [[0;32m  OK  [0m] Started Apply the settings specified in cloud-config.
cloud-init[1055]: Cloud-init v. 0.7.9 running 'modules:config' at Fri, 19 May 2017 21:28:37 +0000. Up 20.12 seconds.
[[0;32m  OK  [0m] Reached target Multi-User System.
         Starting Execute cloud user/final scripts...
[[0;32m  OK  [0m] Reached target Graphical Interface.
         Starting Update UTMP about System Runlevel Changes...
[[0;32m  OK  [0m] Started Update UTMP about System Runlevel Changes.
ci-info: no authorized ssh keys fingerprints found for user ubuntu.
<14>May 19 21:28:38 ec2: 
<14>May 19 21:28:38 ec2: #############################################################
<14>May 19 21:28:38 ec2: -----BEGIN SSH HOST KEY FINGERPRINTS-----
<14>May 19 21:28:38 ec2: 1024 SHA256:QS9xAwPvrja9Kq2mEv8PnovPDl9Bof022l0JoMlCF70 root@ubuntu-xenial (DSA)
<14>May 19 21:28:38 ec2: 256 SHA256:nhEcCtNfwQQahVvQidIrtJne1aMdpAQDCiyehnJUJd8 root@ubuntu-xenial (ECDSA)
<14>May 19 21:28:38 ec2: 256 SHA256:/xdILJoVGZyoBIhr/LO6kWJ18ma4hfgLvNn5vV49zAo root@ubuntu-xenial (ED25519)
<14>May 19 21:28:38 ec2: 2048 SHA256:oLuJ+DGS7+GuOzjnStOnRTZnOrnc7BjDx59SqoKiUPU root@ubuntu-xenial (RSA)
<14>May 19 21:28:38 ec2: -----END SSH HOST KEY FINGERPRINTS-----
<14>May 19 21:28:38 ec2: #############################################################
-----BEGIN SSH HOST KEY KEYS-----
ecdsa-sha2-nistp256 AAAAE2VjZHNhLXNoYTItbmlzdHAyNTYAAAAIbmlzdHAyNTYAAABBBKFQo93VFEr2IQ4bH9G5rhTiOqnIOCCNC0bWoj0sBNLIzTra0AvNRqdXK3sjnklFFlECWMX+apeLoEMzZ6sQrOM= root@ubuntu-xenial
ssh-ed25519 AAAAC3NzaC1lZDI1NTE5AAAAIDiaivfsyCkudkMLb6SfAkBV2DO6Bbo3azckVlhA8Ois root@ubuntu-xenial
ssh-rsa AAAAB3NzaC1yc2EAAAADAQABAAABAQDHitnxTEqxASJGN4w9qMDDm+vdQaO+liZ7ipTfpJ6rKE55svqxowxAjRDCaWGLVde/yNNVI2HrJjAHGrHC1eudN9tylRBR2x+B4ksLQdVZo7dGXzV0DP7WtVTdHe2SPWOfOSwt7muJv8M2knltT+hqojs6I4R0iabnXYaWObas7n1In1jRawSkqlOtcClyrqV2PMFJCiPklYEi5XGUEjPx46sYuJ1KHRiofdaEbHIwr3k5BTxcddVednlITQ3kzprZsi2eNY0hylQJll39F0qk9ip21k/hJNxgUiWf3Echelqqdib/rAl4P3WOsnfYhBlb7inuMbeQ2C3rfzkofOpn root@ubuntu-xenial
-----END SSH HOST KEY KEYS-----
[   21.874071] cloud-init[1357]: Cloud-init v. 0.7.9 running 'modules:final' at Fri, 19 May 2017 21:28:38 +0000. Up 21.61 seconds.
[   21.885176] cloud-init[1357]: ci-info: no authorized ssh keys fingerprints found for user ubuntu.
[   21.887184] cloud-init[1357]: Cloud-init v. 0.7.9 finished at Fri, 19 May 2017 21:28:38 +0000. Datasource DataSourceNoCloud [seed=/dev/sdb][dsmode=net].  Up 21.86 seconds
[[0;32m  OK  [0m] Started Execute cloud user/final scripts.
[[0;32m  OK  [0m] Reached target Cloud-init target.

Ubuntu 16.04.2 LTS ubuntu-xenial ttyS0

ubuntu-xenial login: 